<?xml version="1.0" encoding="UTF-8"?>
<testsuites>
  <testsuite id="0" name="C:\code\mail-service\src\controllers\SendMailController.test.ts" errors="0" package="C:\code\mail-service\src\controllers\SendMailController.test.ts" hostname="localhost" tests="9" failures="0" time="1.572" timestamp="2018-01-10T12:57:11">
    <properties>
    </properties>
    <testcase classname="sendMail method tests" name="will send a message with 2 working MailServices" time="0">
    </testcase>
    <testcase classname="sendMail method tests" name="will send a message with 100 working MailServices" time="0">
    </testcase>
    <testcase classname="sendMail method tests" name="will send a message when 3/4 services are down" time="0">
    </testcase>
    <testcase classname="sendMail method tests" name="will not send a message when 4/4 services are down" time="0">
    </testcase>
    <testcase classname="sendMail method tests" name="will still send a message if 9/10 services are down" time="0">
    </testcase>
    <testcase classname="sendMail method tests" name="will still send a message if 49/50 services are down" time="0">
    </testcase>
    <testcase classname="getMiddleware method tests" name="can get express middleware" time="0">
    </testcase>
    <system-out/>
    <system-err/>
  </testsuite>
</testsuites>